<?xml version="1.0" encoding="UTF-8"?>
<testng-results skipped="0" failed="0" ignored="0" total="1" passed="1">
  <reporter-output>
  </reporter-output>
  <suite name="Default suite" duration-ms="25840" started-at="2023-03-14T17:36:38 IST" finished-at="2023-03-14T17:37:04 IST">
    <groups>
    </groups>
    <test name="Default test" duration-ms="25840" started-at="2023-03-14T17:36:38 IST" finished-at="2023-03-14T17:37:04 IST">
      <class name="testNG_Examples2.ScreenShot_Eg">
        <test-method status="PASS" signature="beforeTest()[pri:0, instance:testNG_Examples2.ScreenShot_Eg@782663d3]" name="beforeTest" is-config="true" duration-ms="16099" started-at="2023-03-14T17:36:38 IST" finished-at="2023-03-14T17:36:54 IST">
          <reporter-output>
          </reporter-output>
        </test-method> <!-- beforeTest -->
        <test-method status="PASS" signature="screenshotMethod()[pri:0, instance:testNG_Examples2.ScreenShot_Eg@782663d3]" name="screenshotMethod" duration-ms="8275" started-at="2023-03-14T17:36:54 IST" finished-at="2023-03-14T17:37:03 IST">
          <reporter-output>
          </reporter-output>
        </test-method> <!-- screenshotMethod -->
        <test-method status="PASS" signature="afterMethod(org.testng.ITestResult)[pri:0, instance:testNG_Examples2.ScreenShot_Eg@782663d3]" name="afterMethod" is-config="true" duration-ms="1332" started-at="2023-03-14T17:37:03 IST" finished-at="2023-03-14T17:37:04 IST">
          <params>
            <param index="0">
              <value>
                <![CDATA[[TestResult name=screenshotMethod status=SUCCESS method=ScreenShot_Eg.screenshotMethod()[pri:0, instance:testNG_Examples2.ScreenShot_Eg@782663d3] output={null}]]]>
              </value>
            </param>
          </params>
          <reporter-output>
          </reporter-output>
        </test-method> <!-- afterMethod -->
        <test-method status="PASS" signature="afterTest()[pri:0, instance:testNG_Examples2.ScreenShot_Eg@782663d3]" name="afterTest" is-config="true" duration-ms="7" started-at="2023-03-14T17:37:04 IST" finished-at="2023-03-14T17:37:04 IST">
          <reporter-output>
          </reporter-output>
        </test-method> <!-- afterTest -->
      </class> <!-- testNG_Examples2.ScreenShot_Eg -->
    </test> <!-- Default test -->
  </suite> <!-- Default suite -->
</testng-results>
