<?xml version="1.0" encoding="UTF-8"?>
<!-- Generated by org.testng.reporters.JUnitXMLReporter -->
<testsuite hostname="DESKTOP-VG7FOF4" ignored="0" name="Test2" tests="1" failures="0" timestamp="2023-03-06T12:23:38 IST" time="0.149" errors="0">
  <testcase name="@BeforeTest beforeTest" time="0.002" classname="testNG_Examples2.CrossBrowser">
    <failure type="java.lang.NullPointerException">
      <![CDATA[java.lang.NullPointerException
at testNG_Examples2.CrossBrowser.beforeTest(CrossBrowser.java:44)
... Removed 24 stack frames]]>
    </failure>
  </testcase> <!-- @BeforeTest beforeTest -->
  <testcase name="@AfterTest afterTest" time="-1.678085617988E9" classname="testNG_Examples2.CrossBrowser">
    <skipped/>
  </testcase> <!-- @AfterTest afterTest -->
  <testcase name="crossbrowser" time="0.0" classname="testNG_Examples2.CrossBrowser">
    <skipped/>
  </testcase> <!-- crossbrowser -->
</testsuite> <!-- Test2 -->
